Exporter version: 3.3.0, Blender version: 3.3.1
========= Conversion from Blender to Babylon.js =========
	Scene settings used :
		Inline textures     :  false
		Material Type       :  PBR
		Positions Precision :  4
		Normals Precision   :  3
		UVs Precision       :  3
		Vert Color Precision:  3
		Mat Weight Precision:  2
		Keep Z-up r-handed  :  no
		Texture directory   :  C:\Users\omarj\OneDrive\Bureau\Cours\BA2\Web2\Seal Rescue\frontend\src\assets\3Dmodels\
	Python World class constructor completed
	WARNING: No active camera has been assigned, or is not in a currently enabled collection
	processing begun of mesh:  Cube.001
		processing begun of material:  Material.003
		Custom split normals with tangents being used
		num positions      :  426130
		num normals        :  426130
		num tangents       :  1704520
		num uvs            :  852260
		num uvs2           :  0
		num colors         :  0
		num triangles      :  393216
========= Writing of JSON file started =========
	writing mesh:  Cube.001
========= Writing of JSON file completed =========
========= end of processing =========
elapsed time:  3 min, 40.5945 secs
